Using pre-set license
Built from '2021.3/staging' branch; Version is '2021.3.11f1 (0a5ca18544bf) revision 679073'; Using compiler version '192829333'; Build Type 'Release'
OS: 'Windows 11  (10.0.22621) 64bit Core' Language: 'ko' Physical Memory: 7953 MB
BatchMode: 1, IsHumanControllingUs: 0, StartBugReporterOnCrash: 0, Is64bit: 1, IsPro: 1

COMMAND LINE ARGUMENTS:
C:\Program Files\2021.3.11f1\Editor\Unity.exe
-adb2
-batchMode
-noUpm
-name
AssetImportWorker1
-projectPath
D:/광운대/수업/2-2/오픈소스소프트웨어개발_문승현/open_team_project/OpenSourceProject1.0.0a
-logFile
Logs/AssetImportWorker1.log
-srvPort
59767
Successfully changed project path to: D:/광운대/수업/2-2/오픈소스소프트웨어개발_문승현/open_team_project/OpenSourceProject1.0.0a
D:/광운대/수업/2-2/오픈소스소프트웨어개발_문승현/open_team_project/OpenSourceProject1.0.0a
[UnityMemory] Configuration Parameters - Can be set up in boot.config
    "memorysetup-bucket-allocator-granularity=16"
    "memorysetup-bucket-allocator-bucket-count=8"
    "memorysetup-bucket-allocator-block-size=33554432"
    "memorysetup-bucket-allocator-block-count=8"
    "memorysetup-main-allocator-block-size=16777216"
    "memorysetup-thread-allocator-block-size=16777216"
    "memorysetup-gfx-main-allocator-block-size=16777216"
    "memorysetup-gfx-thread-allocator-block-size=16777216"
    "memorysetup-cache-allocator-block-size=4194304"
    "memorysetup-typetree-allocator-block-size=2097152"
    "memorysetup-profiler-bucket-allocator-granularity=16"
    "memorysetup-profiler-bucket-allocator-bucket-count=8"
    "memorysetup-profiler-bucket-allocator-block-size=33554432"
    "memorysetup-profiler-bucket-allocator-block-count=8"
    "memorysetup-profiler-allocator-block-size=16777216"
    "memorysetup-profiler-editor-allocator-block-size=1048576"
    "memorysetup-temp-allocator-size-main=16777216"
    "memorysetup-job-temp-allocator-block-size=2097152"
    "memorysetup-job-temp-allocator-block-size-background=1048576"
    "memorysetup-job-temp-allocator-reduction-small-platforms=262144"
    "memorysetup-temp-allocator-size-background-worker=32768"
    "memorysetup-temp-allocator-size-job-worker=262144"
    "memorysetup-temp-allocator-size-preload-manager=33554432"
    "memorysetup-temp-allocator-size-nav-mesh-worker=65536"
    "memorysetup-temp-allocator-size-audio-worker=65536"
    "memorysetup-temp-allocator-size-cloud-worker=32768"
    "memorysetup-temp-allocator-size-gi-baking-worker=262144"
    "memorysetup-temp-allocator-size-gfx=262144"
Refreshing native plugins compatible for Editor in 440.71 ms, found 4 plugins.
Preloading 0 native plugins for Editor in 0.00 ms.
Initialize engine version: 2021.3.11f1 (0a5ca18544bf)
[Subsystems] Discovering subsystems at path C:/Program Files/2021.3.11f1/Editor/Data/Resources/UnitySubsystems
[Subsystems] Discovering subsystems at path D:/광운대/수업/2-2/오픈소스소프트웨어개발_문승현/open_team_project/OpenSourceProject1.0.0a/Assets
GfxDevice: creating device client; threaded=0; jobified=0
Direct3D:
    Version:  Direct3D 11.0 [level 11.1]
    Renderer: NVIDIA GeForce MX250 (ID=0x1d13)
    Vendor:   NVIDIA
    VRAM:     1983 MB
    Driver:   30.0.15.1123
Initialize mono
Mono path[0] = 'C:/Program Files/2021.3.11f1/Editor/Data/Managed'
Mono path[1] = 'C:/Program Files/2021.3.11f1/Editor/Data/MonoBleedingEdge/lib/mono/unityjit-win32'
Mono config path = 'C:/Program Files/2021.3.11f1/Editor/Data/MonoBleedingEdge/etc'
Using monoOptions --debugger-agent=transport=dt_socket,embedding=1,server=y,suspend=n,address=127.0.0.1:56076
Begin MonoManager ReloadAssembly
Registering precompiled unity dll's ...
Register platform support module: C:/Program Files/2021.3.11f1/Editor/Data/PlaybackEngines/WindowsStandaloneSupport/UnityEditor.WindowsStandalone.Extensions.dll
Registered in 0.022425 seconds.
Native extension for WindowsStandalone target not found
Refreshing native plugins compatible for Editor in 138.61 ms, found 4 plugins.
Preloading 0 native plugins for Editor in 0.00 ms.
Mono: successfully reloaded assembly
- Completed reload, in  1.147 seconds
Domain Reload Profiling:
	ReloadAssembly (1148ms)
		BeginReloadAssembly (258ms)
			ExecutionOrderSort (0ms)
			DisableScriptedObjects (0ms)
			BackupInstance (0ms)
			ReleaseScriptingObjects (0ms)
			CreateAndSetChildDomain (1ms)
		EndReloadAssembly (675ms)
			LoadAssemblies (249ms)
			RebuildTransferFunctionScriptingTraits (0ms)
			SetupTypeCache (139ms)
			ReleaseScriptCaches (0ms)
			RebuildScriptCaches (31ms)
			SetupLoadedEditorAssemblies (412ms)
				LogAssemblyErrors (0ms)
				InitializePlatformSupportModulesInManaged (14ms)
				SetLoadedEditorAssemblies (0ms)
				RefreshPlugins (139ms)
				BeforeProcessingInitializeOnLoad (2ms)
				ProcessInitializeOnLoadAttributes (173ms)
				ProcessInitializeOnLoadMethodAttributes (85ms)
				AfterProcessingInitializeOnLoad (0ms)
				EditorAssembliesLoaded (0ms)
			ExecutionOrderSort2 (0ms)
			AwakeInstancesAfterBackupRestoration (0ms)
Platform modules already initialized, skipping
Registering precompiled user dll's ...
Registered in 0.042967 seconds.
Begin MonoManager ReloadAssembly
Symbol file LoadedFromMemory doesn't match image D:\광운대\수업\2-2\오픈소스소프트웨어개발_문승현\open_team_project\OpenSourceProject1.0.0a\Library\PackageCache\com.unity.visualscripting@1.7.8\Editor\VisualScripting.Core\Dependencies\YamlDotNet\Unity.VisualScripting.YamlDotNet.dll
Symbol file LoadedFromMemory doesn't match image D:\광운대\수업\2-2\오픈소스소프트웨어개발_문승현\open_team_project\OpenSourceProject1.0.0a\Library\PackageCache\com.unity.visualscripting@1.7.8\Editor\VisualScripting.Core\Dependencies\DotNetZip\Unity.VisualScripting.IonicZip.dll
Native extension for WindowsStandalone target not found
Refreshing native plugins compatible for Editor in 137.79 ms, found 4 plugins.
Preloading 0 native plugins for Editor in 0.00 ms.
Mono: successfully reloaded assembly
- Completed reload, in  2.459 seconds
Domain Reload Profiling:
	ReloadAssembly (2460ms)
		BeginReloadAssembly (245ms)
			ExecutionOrderSort (0ms)
			DisableScriptedObjects (6ms)
			BackupInstance (0ms)
			ReleaseScriptingObjects (0ms)
			CreateAndSetChildDomain (24ms)
		EndReloadAssembly (2001ms)
			LoadAssemblies (612ms)
			RebuildTransferFunctionScriptingTraits (0ms)
			SetupTypeCache (416ms)
			ReleaseScriptCaches (1ms)
			RebuildScriptCaches (83ms)
			SetupLoadedEditorAssemblies (877ms)
				LogAssemblyErrors (0ms)
				InitializePlatformSupportModulesInManaged (8ms)
				SetLoadedEditorAssemblies (0ms)
				RefreshPlugins (138ms)
				BeforeProcessingInitializeOnLoad (219ms)
				ProcessInitializeOnLoadAttributes (417ms)
				ProcessInitializeOnLoadMethodAttributes (66ms)
				AfterProcessingInitializeOnLoad (28ms)
				EditorAssembliesLoaded (0ms)
			ExecutionOrderSort2 (0ms)
			AwakeInstancesAfterBackupRestoration (20ms)
Platform modules already initialized, skipping
========================================================================
Worker process is ready to serve import requests
Launched and connected shader compiler UnityShaderCompiler.exe after 0.22 seconds
Refreshing native plugins compatible for Editor in 0.80 ms, found 4 plugins.
Preloading 0 native plugins for Editor in 0.00 ms.
Unloading 4236 Unused Serialized files (Serialized files now loaded: 0)
Unloading 57 unused Assets / (299.7 KB). Loaded Objects now: 4686.
Memory consumption went from 163.8 MB to 163.5 MB.
Total: 4.088500 ms (FindLiveObjects: 0.337600 ms CreateObjectMapping: 0.233100 ms MarkObjects: 3.113000 ms  DeleteObjects: 0.403000 ms)

AssetImportParameters requested are different than current active one (requested -> active):
  custom:video-decoder-ogg-theora: a1e56fd34408186e4bbccfd4996cb3dc -> 
  custom:container-muxer-webm: aa71ff27fc2769a1b78a27578f13a17b -> 
  custom:container-demuxer-webm: 4f35f7cbe854078d1ac9338744f61a02 -> 
  custom:video-encoder-webm-vp8: eb34c28f22e8b96e1ab97ce403110664 -> 
  custom:video-codec-MediaFoundation-h265: 746d11721c4dcdbdad8f713fa42b33f4 -> 
  custom:audio-encoder-webm-vorbis: bf7c407c2cedff20999df2af8eb42d56 -> 
  custom:framework-win-MediaFoundation: 216162199b28c13a410421893ffa2e32 -> 
  custom:container-demuxer-ogg: 62fdf1f143b41e24485cea50d1cbac27 -> 
  custom:video-decoder-webm-vp8: 9c59270c3fd7afecdb556c50c9e8de78 -> 
  custom:audio-decoder-ogg-vorbis: bf7c407c2cedff20999df2af8eb42d56 -> 
========================================================================
Received Prepare
Registering precompiled user dll's ...
Registered in 0.073389 seconds.
Begin MonoManager ReloadAssembly
Symbol file LoadedFromMemory doesn't match image D:\광운대\수업\2-2\오픈소스소프트웨어개발_문승현\open_team_project\OpenSourceProject1.0.0a\Library\PackageCache\com.unity.visualscripting@1.7.8\Editor\VisualScripting.Core\Dependencies\YamlDotNet\Unity.VisualScripting.YamlDotNet.dll
Symbol file LoadedFromMemory doesn't match image D:\광운대\수업\2-2\오픈소스소프트웨어개발_문승현\open_team_project\OpenSourceProject1.0.0a\Library\PackageCache\com.unity.visualscripting@1.7.8\Editor\VisualScripting.Core\Dependencies\DotNetZip\Unity.VisualScripting.IonicZip.dll
Native extension for WindowsStandalone target not found
Refreshing native plugins compatible for Editor in 1.14 ms, found 4 plugins.
Preloading 0 native plugins for Editor in 0.00 ms.
Mono: successfully reloaded assembly
- Completed reload, in  4.374 seconds
Domain Reload Profiling:
	ReloadAssembly (4376ms)
		BeginReloadAssembly (586ms)
			ExecutionOrderSort (0ms)
			DisableScriptedObjects (20ms)
			BackupInstance (0ms)
			ReleaseScriptingObjects (0ms)
			CreateAndSetChildDomain (75ms)
		EndReloadAssembly (3374ms)
			LoadAssemblies (735ms)
			RebuildTransferFunctionScriptingTraits (0ms)
			SetupTypeCache (849ms)
			ReleaseScriptCaches (4ms)
			RebuildScriptCaches (181ms)
			SetupLoadedEditorAssemblies (1521ms)
				LogAssemblyErrors (0ms)
				InitializePlatformSupportModulesInManaged (51ms)
				SetLoadedEditorAssemblies (1ms)
				RefreshPlugins (1ms)
				BeforeProcessingInitializeOnLoad (485ms)
				ProcessInitializeOnLoadAttributes (726ms)
				ProcessInitializeOnLoadMethodAttributes (152ms)
				AfterProcessingInitializeOnLoad (105ms)
				EditorAssembliesLoaded (1ms)
			ExecutionOrderSort2 (0ms)
			AwakeInstancesAfterBackupRestoration (67ms)
Platform modules already initialized, skipping
Refreshing native plugins compatible for Editor in 23.41 ms, found 4 plugins.
Preloading 0 native plugins for Editor in 0.00 ms.
Unloading 4232 Unused Serialized files (Serialized files now loaded: 0)
Unloading 32 unused Assets / (266.0 KB). Loaded Objects now: 4702.
Memory consumption went from 163.8 MB to 163.5 MB.
Total: 7.128500 ms (FindLiveObjects: 0.633100 ms CreateObjectMapping: 0.537000 ms MarkObjects: 5.656600 ms  DeleteObjects: 0.299100 ms)

AssetImportParameters requested are different than current active one (requested -> active):
  custom:video-decoder-ogg-theora: a1e56fd34408186e4bbccfd4996cb3dc -> 
  custom:container-muxer-webm: aa71ff27fc2769a1b78a27578f13a17b -> 
  custom:container-demuxer-webm: 4f35f7cbe854078d1ac9338744f61a02 -> 
  custom:video-encoder-webm-vp8: eb34c28f22e8b96e1ab97ce403110664 -> 
  custom:video-codec-MediaFoundation-h265: 746d11721c4dcdbdad8f713fa42b33f4 -> 
  custom:audio-encoder-webm-vorbis: bf7c407c2cedff20999df2af8eb42d56 -> 
  custom:framework-win-MediaFoundation: 216162199b28c13a410421893ffa2e32 -> 
  custom:container-demuxer-ogg: 62fdf1f143b41e24485cea50d1cbac27 -> 
  custom:video-decoder-webm-vp8: 9c59270c3fd7afecdb556c50c9e8de78 -> 
  custom:audio-decoder-ogg-vorbis: bf7c407c2cedff20999df2af8eb42d56 -> 
========================================================================
Received Import Request.
  Time since last request: 445458.310484 seconds.
  path: Assets/Script/CSVReader.cs
  artifactKey: Guid(b1809b91e16c4ed4aaaf391402d03c92) Importer(815301076,1909f56bfc062723c751e8b465ee728b)
Start importing Assets/Script/CSVReader.cs using Guid(b1809b91e16c4ed4aaaf391402d03c92) Importer(815301076,1909f56bfc062723c751e8b465ee728b)  -> (artifact id: '85435f65c767701e90af785d430900c8') in 0.145501 seconds 
========================================================================
Received Import Request.
  Time since last request: 191.129020 seconds.
  path: Assets/Script/Resources 1/Gold_stone.prefab
  artifactKey: Guid(b5815516cda14e9408d3ad89d7ec4777) Importer(815301076,1909f56bfc062723c751e8b465ee728b)
Start importing Assets/Script/Resources 1/Gold_stone.prefab using Guid(b5815516cda14e9408d3ad89d7ec4777) Importer(815301076,1909f56bfc062723c751e8b465ee728b)  -> (artifact id: 'bf091ca0925a34b720dce1aeb31439a1') in 0.378841 seconds 
========================================================================
Received Import Request.
  Time since last request: 0.000041 seconds.
  path: Assets/Script/Resources 1/tree.prefab
  artifactKey: Guid(691e7ff37c07d7f479a65844ada4ab59) Importer(815301076,1909f56bfc062723c751e8b465ee728b)
Start importing Assets/Script/Resources 1/tree.prefab using Guid(691e7ff37c07d7f479a65844ada4ab59) Importer(815301076,1909f56bfc062723c751e8b465ee728b)  -> (artifact id: '048a75997f8a5bf4da1aff5a1f13addb') in 0.043210 seconds 
========================================================================
Received Import Request.
  Time since last request: 0.000045 seconds.
  path: Assets/Script/Resources 1/Tree_v1.prefab
  artifactKey: Guid(7e282a44fb9961d439cffc020639adbb) Importer(815301076,1909f56bfc062723c751e8b465ee728b)
Start importing Assets/Script/Resources 1/Tree_v1.prefab using Guid(7e282a44fb9961d439cffc020639adbb) Importer(815301076,1909f56bfc062723c751e8b465ee728b)  -> (artifact id: '7aeee8c0e4a3a85f64bbd7e5cc1846c0') in 0.046181 seconds 
========================================================================
Received Import Request.
  Time since last request: 0.000037 seconds.
  path: Assets/Script/Resources 1/tree_v5.prefab
  artifactKey: Guid(4c6290f424f7c0748a88b7ed2bdf3e64) Importer(815301076,1909f56bfc062723c751e8b465ee728b)
Start importing Assets/Script/Resources 1/tree_v5.prefab using Guid(4c6290f424f7c0748a88b7ed2bdf3e64) Importer(815301076,1909f56bfc062723c751e8b465ee728b)  -> (artifact id: '5391e027b37a9a1f744c50634fee73c8') in 0.036667 seconds 
========================================================================
Received Import Request.
  Time since last request: 0.000031 seconds.
  path: Assets/Script/Resources 1/iron_stone.prefab
  artifactKey: Guid(ac93b71d9bfc6904cb27d205527d950a) Importer(815301076,1909f56bfc062723c751e8b465ee728b)
Start importing Assets/Script/Resources 1/iron_stone.prefab using Guid(ac93b71d9bfc6904cb27d205527d950a) Importer(815301076,1909f56bfc062723c751e8b465ee728b)  -> (artifact id: '217de276ea7bf9b12a3c1e7bd5c2b561') in 0.035176 seconds 
========================================================================
Received Import Request.
  Time since last request: 0.000033 seconds.
  path: Assets/Script/Resources 1/tree_v4.prefab
  artifactKey: Guid(5c6da5ea7e0a14a43b3d0cdd2bab5755) Importer(815301076,1909f56bfc062723c751e8b465ee728b)
Start importing Assets/Script/Resources 1/tree_v4.prefab using Guid(5c6da5ea7e0a14a43b3d0cdd2bab5755) Importer(815301076,1909f56bfc062723c751e8b465ee728b)  -> (artifact id: 'c0679d2973b6003bd31626809b2f61dc') in 0.037825 seconds 
========================================================================
Received Import Request.
  Time since last request: 0.000049 seconds.
  path: Assets/Script/Resources 1/tree-variations-6.png.png
  artifactKey: Guid(62e8bd345cb9c1840b0203e2f05cdff1) Importer(815301076,1909f56bfc062723c751e8b465ee728b)
Start importing Assets/Script/Resources 1/tree-variations-6.png.png using Guid(62e8bd345cb9c1840b0203e2f05cdff1) Importer(815301076,1909f56bfc062723c751e8b465ee728b)  -> (artifact id: '610077f9272bc51fd8f90b3993fcea96') in 0.087139 seconds 
========================================================================
Received Import Request.
  Time since last request: 0.000048 seconds.
  path: Assets/Script/Resources 1/Ice_block_v2.prefab
  artifactKey: Guid(e869deda4b82eae40803deee02ad5fc8) Importer(815301076,1909f56bfc062723c751e8b465ee728b)
Start importing Assets/Script/Resources 1/Ice_block_v2.prefab using Guid(e869deda4b82eae40803deee02ad5fc8) Importer(815301076,1909f56bfc062723c751e8b465ee728b)  -> (artifact id: '8a63aa0ba104d39faa61a0112cf6e25c') in 0.036864 seconds 
========================================================================
Received Import Request.
  Time since last request: 0.000050 seconds.
  path: Assets/Script/Resources 1/Ice_block_v3.prefab
  artifactKey: Guid(6f87e261e8d7f4749953d23ddae96c57) Importer(815301076,1909f56bfc062723c751e8b465ee728b)
Start importing Assets/Script/Resources 1/Ice_block_v3.prefab using Guid(6f87e261e8d7f4749953d23ddae96c57) Importer(815301076,1909f56bfc062723c751e8b465ee728b)  -> (artifact id: 'bc6bc5921c47ce3515eecda01f8ae937') in 0.039888 seconds 
Editor requested this worker to shutdown with reason: Scaling down because of idle timeout
AssetImportWorker is now disconnected from the server
Process exiting
Exiting without the bug reporter. Application will terminate with return code 0