Using pre-set license
Built from '2021.3/staging' branch; Version is '2021.3.11f1 (0a5ca18544bf) revision 679073'; Using compiler version '192829333'; Build Type 'Release'
OS: 'Windows 11  (10.0.22621) 64bit Core' Language: 'ko' Physical Memory: 7953 MB
BatchMode: 1, IsHumanControllingUs: 0, StartBugReporterOnCrash: 0, Is64bit: 1, IsPro: 1

COMMAND LINE ARGUMENTS:
C:\Program Files\2021.3.11f1\Editor\Unity.exe
-adb2
-batchMode
-noUpm
-name
AssetImportWorker0
-projectPath
D:/광운대/수업/2-2/오픈소스소프트웨어개발_문승현/open_team_project/OpenSourceProject1.0.0a
-logFile
Logs/AssetImportWorker0.log
-srvPort
59767
Successfully changed project path to: D:/광운대/수업/2-2/오픈소스소프트웨어개발_문승현/open_team_project/OpenSourceProject1.0.0a
D:/광운대/수업/2-2/오픈소스소프트웨어개발_문승현/open_team_project/OpenSourceProject1.0.0a
[UnityMemory] Configuration Parameters - Can be set up in boot.config
    "memorysetup-bucket-allocator-granularity=16"
    "memorysetup-bucket-allocator-bucket-count=8"
    "memorysetup-bucket-allocator-block-size=33554432"
    "memorysetup-bucket-allocator-block-count=8"
    "memorysetup-main-allocator-block-size=16777216"
    "memorysetup-thread-allocator-block-size=16777216"
    "memorysetup-gfx-main-allocator-block-size=16777216"
    "memorysetup-gfx-thread-allocator-block-size=16777216"
    "memorysetup-cache-allocator-block-size=4194304"
    "memorysetup-typetree-allocator-block-size=2097152"
    "memorysetup-profiler-bucket-allocator-granularity=16"
    "memorysetup-profiler-bucket-allocator-bucket-count=8"
    "memorysetup-profiler-bucket-allocator-block-size=33554432"
    "memorysetup-profiler-bucket-allocator-block-count=8"
    "memorysetup-profiler-allocator-block-size=16777216"
    "memorysetup-profiler-editor-allocator-block-size=1048576"
    "memorysetup-temp-allocator-size-main=16777216"
    "memorysetup-job-temp-allocator-block-size=2097152"
    "memorysetup-job-temp-allocator-block-size-background=1048576"
    "memorysetup-job-temp-allocator-reduction-small-platforms=262144"
    "memorysetup-temp-allocator-size-background-worker=32768"
    "memorysetup-temp-allocator-size-job-worker=262144"
    "memorysetup-temp-allocator-size-preload-manager=33554432"
    "memorysetup-temp-allocator-size-nav-mesh-worker=65536"
    "memorysetup-temp-allocator-size-audio-worker=65536"
    "memorysetup-temp-allocator-size-cloud-worker=32768"
    "memorysetup-temp-allocator-size-gi-baking-worker=262144"
    "memorysetup-temp-allocator-size-gfx=262144"
Refreshing native plugins compatible for Editor in 440.69 ms, found 4 plugins.
Preloading 0 native plugins for Editor in 0.00 ms.
Initialize engine version: 2021.3.11f1 (0a5ca18544bf)
[Subsystems] Discovering subsystems at path C:/Program Files/2021.3.11f1/Editor/Data/Resources/UnitySubsystems
[Subsystems] Discovering subsystems at path D:/광운대/수업/2-2/오픈소스소프트웨어개발_문승현/open_team_project/OpenSourceProject1.0.0a/Assets
GfxDevice: creating device client; threaded=0; jobified=0
Direct3D:
    Version:  Direct3D 11.0 [level 11.1]
    Renderer: NVIDIA GeForce MX250 (ID=0x1d13)
    Vendor:   NVIDIA
    VRAM:     1983 MB
    Driver:   30.0.15.1123
Initialize mono
Mono path[0] = 'C:/Program Files/2021.3.11f1/Editor/Data/Managed'
Mono path[1] = 'C:/Program Files/2021.3.11f1/Editor/Data/MonoBleedingEdge/lib/mono/unityjit-win32'
Mono config path = 'C:/Program Files/2021.3.11f1/Editor/Data/MonoBleedingEdge/etc'
Using monoOptions --debugger-agent=transport=dt_socket,embedding=1,server=y,suspend=n,address=127.0.0.1:56112
Begin MonoManager ReloadAssembly
Registering precompiled unity dll's ...
Register platform support module: C:/Program Files/2021.3.11f1/Editor/Data/PlaybackEngines/WindowsStandaloneSupport/UnityEditor.WindowsStandalone.Extensions.dll
Registered in 0.024925 seconds.
Native extension for WindowsStandalone target not found
Refreshing native plugins compatible for Editor in 142.06 ms, found 4 plugins.
Preloading 0 native plugins for Editor in 0.00 ms.
Mono: successfully reloaded assembly
- Completed reload, in  1.151 seconds
Domain Reload Profiling:
	ReloadAssembly (1151ms)
		BeginReloadAssembly (264ms)
			ExecutionOrderSort (0ms)
			DisableScriptedObjects (0ms)
			BackupInstance (0ms)
			ReleaseScriptingObjects (0ms)
			CreateAndSetChildDomain (2ms)
		EndReloadAssembly (672ms)
			LoadAssemblies (253ms)
			RebuildTransferFunctionScriptingTraits (0ms)
			SetupTypeCache (140ms)
			ReleaseScriptCaches (0ms)
			RebuildScriptCaches (31ms)
			SetupLoadedEditorAssemblies (411ms)
				LogAssemblyErrors (0ms)
				InitializePlatformSupportModulesInManaged (13ms)
				SetLoadedEditorAssemblies (0ms)
				RefreshPlugins (142ms)
				BeforeProcessingInitializeOnLoad (2ms)
				ProcessInitializeOnLoadAttributes (173ms)
				ProcessInitializeOnLoadMethodAttributes (80ms)
				AfterProcessingInitializeOnLoad (0ms)
				EditorAssembliesLoaded (1ms)
			ExecutionOrderSort2 (0ms)
			AwakeInstancesAfterBackupRestoration (0ms)
Platform modules already initialized, skipping
Registering precompiled user dll's ...
Registered in 0.044722 seconds.
Begin MonoManager ReloadAssembly
Symbol file LoadedFromMemory doesn't match image D:\광운대\수업\2-2\오픈소스소프트웨어개발_문승현\open_team_project\OpenSourceProject1.0.0a\Library\PackageCache\com.unity.visualscripting@1.7.8\Editor\VisualScripting.Core\Dependencies\YamlDotNet\Unity.VisualScripting.YamlDotNet.dll
Symbol file LoadedFromMemory doesn't match image D:\광운대\수업\2-2\오픈소스소프트웨어개발_문승현\open_team_project\OpenSourceProject1.0.0a\Library\PackageCache\com.unity.visualscripting@1.7.8\Editor\VisualScripting.Core\Dependencies\DotNetZip\Unity.VisualScripting.IonicZip.dll
Native extension for WindowsStandalone target not found
Refreshing native plugins compatible for Editor in 132.57 ms, found 4 plugins.
Preloading 0 native plugins for Editor in 0.00 ms.
Mono: successfully reloaded assembly
- Completed reload, in  2.441 seconds
Domain Reload Profiling:
	ReloadAssembly (2442ms)
		BeginReloadAssembly (226ms)
			ExecutionOrderSort (0ms)
			DisableScriptedObjects (7ms)
			BackupInstance (0ms)
			ReleaseScriptingObjects (0ms)
			CreateAndSetChildDomain (24ms)
		EndReloadAssembly (1996ms)
			LoadAssemblies (579ms)
			RebuildTransferFunctionScriptingTraits (0ms)
			SetupTypeCache (425ms)
			ReleaseScriptCaches (1ms)
			RebuildScriptCaches (89ms)
			SetupLoadedEditorAssemblies (865ms)
				LogAssemblyErrors (0ms)
				InitializePlatformSupportModulesInManaged (9ms)
				SetLoadedEditorAssemblies (0ms)
				RefreshPlugins (133ms)
				BeforeProcessingInitializeOnLoad (221ms)
				ProcessInitializeOnLoadAttributes (399ms)
				ProcessInitializeOnLoadMethodAttributes (71ms)
				AfterProcessingInitializeOnLoad (31ms)
				EditorAssembliesLoaded (0ms)
			ExecutionOrderSort2 (0ms)
			AwakeInstancesAfterBackupRestoration (24ms)
Platform modules already initialized, skipping
========================================================================
Worker process is ready to serve import requests
Launched and connected shader compiler UnityShaderCompiler.exe after 0.22 seconds
Refreshing native plugins compatible for Editor in 0.71 ms, found 4 plugins.
Preloading 0 native plugins for Editor in 0.00 ms.
Unloading 4236 Unused Serialized files (Serialized files now loaded: 0)
Unloading 57 unused Assets / (299.7 KB). Loaded Objects now: 4686.
Memory consumption went from 163.8 MB to 163.5 MB.
Total: 4.010200 ms (FindLiveObjects: 0.322900 ms CreateObjectMapping: 0.221000 ms MarkObjects: 3.106800 ms  DeleteObjects: 0.357800 ms)

AssetImportParameters requested are different than current active one (requested -> active):
  custom:video-decoder-ogg-theora: a1e56fd34408186e4bbccfd4996cb3dc -> 
  custom:container-muxer-webm: aa71ff27fc2769a1b78a27578f13a17b -> 
  custom:container-demuxer-webm: 4f35f7cbe854078d1ac9338744f61a02 -> 
  custom:video-encoder-webm-vp8: eb34c28f22e8b96e1ab97ce403110664 -> 
  custom:video-codec-MediaFoundation-h265: 746d11721c4dcdbdad8f713fa42b33f4 -> 
  custom:audio-encoder-webm-vorbis: bf7c407c2cedff20999df2af8eb42d56 -> 
  custom:framework-win-MediaFoundation: 216162199b28c13a410421893ffa2e32 -> 
  custom:container-demuxer-ogg: 62fdf1f143b41e24485cea50d1cbac27 -> 
  custom:video-decoder-webm-vp8: 9c59270c3fd7afecdb556c50c9e8de78 -> 
  custom:audio-decoder-ogg-vorbis: bf7c407c2cedff20999df2af8eb42d56 -> 
========================================================================
Received Import Request.
  Time since last request: 445371.438916 seconds.
  path: Assets/Script
  artifactKey: Guid(6dd1383b1dfebe34d9b15428f10bdc65) Importer(815301076,1909f56bfc062723c751e8b465ee728b)
Start importing Assets/Script using Guid(6dd1383b1dfebe34d9b15428f10bdc65) Importer(815301076,1909f56bfc062723c751e8b465ee728b)  -> (artifact id: 'feb20c23778635c6d4df26548ceb9a0e') in 0.018452 seconds 
========================================================================
Received Import Request.
  Time since last request: 7.132541 seconds.
  path: Assets/Script/CSVReader.cs
  artifactKey: Guid(b1809b91e16c4ed4aaaf391402d03c92) Importer(815301076,1909f56bfc062723c751e8b465ee728b)
Start importing Assets/Script/CSVReader.cs using Guid(b1809b91e16c4ed4aaaf391402d03c92) Importer(815301076,1909f56bfc062723c751e8b465ee728b)  -> (artifact id: '7b9138a9ea8a7368eccf6296aba070d4') in 0.083877 seconds 
========================================================================
Received Prepare
Registering precompiled user dll's ...
Registered in 0.076372 seconds.
Begin MonoManager ReloadAssembly
Symbol file LoadedFromMemory doesn't match image D:\광운대\수업\2-2\오픈소스소프트웨어개발_문승현\open_team_project\OpenSourceProject1.0.0a\Library\PackageCache\com.unity.visualscripting@1.7.8\Editor\VisualScripting.Core\Dependencies\YamlDotNet\Unity.VisualScripting.YamlDotNet.dll
Symbol file LoadedFromMemory doesn't match image D:\광운대\수업\2-2\오픈소스소프트웨어개발_문승현\open_team_project\OpenSourceProject1.0.0a\Library\PackageCache\com.unity.visualscripting@1.7.8\Editor\VisualScripting.Core\Dependencies\DotNetZip\Unity.VisualScripting.IonicZip.dll
Native extension for WindowsStandalone target not found
Refreshing native plugins compatible for Editor in 1.51 ms, found 4 plugins.
Preloading 0 native plugins for Editor in 0.00 ms.
Mono: successfully reloaded assembly
- Completed reload, in  4.401 seconds
Domain Reload Profiling:
	ReloadAssembly (4406ms)
		BeginReloadAssembly (584ms)
			ExecutionOrderSort (0ms)
			DisableScriptedObjects (17ms)
			BackupInstance (0ms)
			ReleaseScriptingObjects (0ms)
			CreateAndSetChildDomain (79ms)
		EndReloadAssembly (3416ms)
			LoadAssemblies (736ms)
			RebuildTransferFunctionScriptingTraits (1ms)
			SetupTypeCache (897ms)
			ReleaseScriptCaches (3ms)
			RebuildScriptCaches (189ms)
			SetupLoadedEditorAssemblies (1512ms)
				LogAssemblyErrors (0ms)
				InitializePlatformSupportModulesInManaged (68ms)
				SetLoadedEditorAssemblies (2ms)
				RefreshPlugins (2ms)
				BeforeProcessingInitializeOnLoad (469ms)
				ProcessInitializeOnLoadAttributes (740ms)
				ProcessInitializeOnLoadMethodAttributes (130ms)
				AfterProcessingInitializeOnLoad (101ms)
				EditorAssembliesLoaded (0ms)
			ExecutionOrderSort2 (0ms)
			AwakeInstancesAfterBackupRestoration (70ms)
Platform modules already initialized, skipping
Refreshing native plugins compatible for Editor in 24.01 ms, found 4 plugins.
Preloading 0 native plugins for Editor in 0.00 ms.
Unloading 4232 Unused Serialized files (Serialized files now loaded: 0)
Unloading 32 unused Assets / (266.0 KB). Loaded Objects now: 4702.
Memory consumption went from 163.8 MB to 163.5 MB.
Total: 13.053600 ms (FindLiveObjects: 0.606000 ms CreateObjectMapping: 0.337400 ms MarkObjects: 11.595800 ms  DeleteObjects: 0.511000 ms)

AssetImportParameters requested are different than current active one (requested -> active):
  custom:video-decoder-ogg-theora: a1e56fd34408186e4bbccfd4996cb3dc -> 
  custom:container-muxer-webm: aa71ff27fc2769a1b78a27578f13a17b -> 
  custom:container-demuxer-webm: 4f35f7cbe854078d1ac9338744f61a02 -> 
  custom:video-encoder-webm-vp8: eb34c28f22e8b96e1ab97ce403110664 -> 
  custom:video-codec-MediaFoundation-h265: 746d11721c4dcdbdad8f713fa42b33f4 -> 
  custom:audio-encoder-webm-vorbis: bf7c407c2cedff20999df2af8eb42d56 -> 
  custom:framework-win-MediaFoundation: 216162199b28c13a410421893ffa2e32 -> 
  custom:container-demuxer-ogg: 62fdf1f143b41e24485cea50d1cbac27 -> 
  custom:video-decoder-webm-vp8: 9c59270c3fd7afecdb556c50c9e8de78 -> 
  custom:audio-decoder-ogg-vorbis: bf7c407c2cedff20999df2af8eb42d56 -> 
========================================================================
Received Import Request.
  Time since last request: 270.897345 seconds.
  path: Assets/Script/Resources 1/bush_v1.prefab
  artifactKey: Guid(9a186141338c5694fa802353112f601f) Importer(815301076,1909f56bfc062723c751e8b465ee728b)
Start importing Assets/Script/Resources 1/bush_v1.prefab using Guid(9a186141338c5694fa802353112f601f) Importer(815301076,1909f56bfc062723c751e8b465ee728b)  -> (artifact id: '94e2103801e8af1f17b0d5fa5b0e63f4') in 0.383188 seconds 
========================================================================
Received Import Request.
  Time since last request: 0.000040 seconds.
  path: Assets/Script/Resources 1/tree_v3.prefab
  artifactKey: Guid(c5b0161491bb0144b8db8fbc5d442b27) Importer(815301076,1909f56bfc062723c751e8b465ee728b)
Start importing Assets/Script/Resources 1/tree_v3.prefab using Guid(c5b0161491bb0144b8db8fbc5d442b27) Importer(815301076,1909f56bfc062723c751e8b465ee728b)  -> (artifact id: '5715473643b12f20448e12648f06ea01') in 0.042358 seconds 
========================================================================
Received Import Request.
  Time since last request: 0.000044 seconds.
  path: Assets/Script/Resources 1/tree_v2.prefab
  artifactKey: Guid(9af588ad617c6764ea01a6874d836d47) Importer(815301076,1909f56bfc062723c751e8b465ee728b)
Start importing Assets/Script/Resources 1/tree_v2.prefab using Guid(9af588ad617c6764ea01a6874d836d47) Importer(815301076,1909f56bfc062723c751e8b465ee728b)  -> (artifact id: 'aec2b6dbaffaada0fe2bbc60eac90dfa') in 0.046102 seconds 
========================================================================
Received Import Request.
  Time since last request: 0.000076 seconds.
  path: Assets/Script/Resources 1/tree-variations (1).png
  artifactKey: Guid(cf6e328dc87570f4082c01d4b06af0a9) Importer(815301076,1909f56bfc062723c751e8b465ee728b)
Start importing Assets/Script/Resources 1/tree-variations (1).png using Guid(cf6e328dc87570f4082c01d4b06af0a9) Importer(815301076,1909f56bfc062723c751e8b465ee728b)  -> (artifact id: '5c272718280c391d56f9882797df947c') in 0.117991 seconds 
========================================================================
Received Import Request.
  Time since last request: 0.000026 seconds.
  path: Assets/Script/Resources 1/stone_v2.prefab
  artifactKey: Guid(c1871f3b50e39c54283d31f1f7580445) Importer(815301076,1909f56bfc062723c751e8b465ee728b)
Start importing Assets/Script/Resources 1/stone_v2.prefab using Guid(c1871f3b50e39c54283d31f1f7580445) Importer(815301076,1909f56bfc062723c751e8b465ee728b)  -> (artifact id: '6f33c3e5c060e4b7a74f0dbdb74058e2') in 0.035677 seconds 
========================================================================
Received Import Request.
  Time since last request: 0.000032 seconds.
  path: Assets/Script/Resources 1/Ice_block_v1.prefab
  artifactKey: Guid(326791e4f49d1a641ae54fc0509be5e4) Importer(815301076,1909f56bfc062723c751e8b465ee728b)
Start importing Assets/Script/Resources 1/Ice_block_v1.prefab using Guid(326791e4f49d1a641ae54fc0509be5e4) Importer(815301076,1909f56bfc062723c751e8b465ee728b)  -> (artifact id: 'c35b0da8889b34904757c848d7073c5a') in 0.034161 seconds 
========================================================================
Received Import Request.
  Time since last request: 0.000044 seconds.
  path: Assets/Script/Resources 1/Stone_v1.prefab
  artifactKey: Guid(b107aa50cc0550b4ba5cf616457f0ae6) Importer(815301076,1909f56bfc062723c751e8b465ee728b)
Start importing Assets/Script/Resources 1/Stone_v1.prefab using Guid(b107aa50cc0550b4ba5cf616457f0ae6) Importer(815301076,1909f56bfc062723c751e8b465ee728b)  -> (artifact id: '8dbc08b3096722565422129405e8d355') in 0.036385 seconds 
========================================================================
Received Import Request.
  Time since last request: 0.000035 seconds.
  path: Assets/Script/Resources 1/rock_1.prefab
  artifactKey: Guid(d06e6316454c5834084a0e108a35e6a8) Importer(815301076,1909f56bfc062723c751e8b465ee728b)
Start importing Assets/Script/Resources 1/rock_1.prefab using Guid(d06e6316454c5834084a0e108a35e6a8) Importer(815301076,1909f56bfc062723c751e8b465ee728b)  -> (artifact id: '733047bdfc0fd3eaad8052aa5966be04') in 0.044688 seconds 
Editor requested this worker to shutdown with reason: Scaling down because of idle timeout
AssetImportWorker is now disconnected from the server
Process exiting
Exiting without the bug reporter. Application will terminate with return code 0